%!Adobe-FontList 1.23
%Locale:0x409

%BeginFont
Handler:DirectoryHandler
FontType:Invalid
OutlineFileName:/Users/clairew/Desktop/forecasting/SJ2/San-Jose/final report shell/Document fonts/AdobeFnt23.lst
FileLength:2214
FileModTime:666803459
%EndFont

%BeginFont
Handler:DirectoryHandler
FontType:TrueType
FontName:ArialMT
FamilyName:Arial
StyleName:Regular
MenuName:Arial
StyleBits:0
WeightClass:400
WidthClass:5
AngleClass:0
FullName:Arial
WritingScript:Roman
OutlineFileName:/Users/clairew/Desktop/forecasting/SJ2/San-Jose/final report shell/Document fonts/arial.ttf
DataFormat:sfntData
hasSVG:no
VariableFontType:NonVariableFont
FileLength:1036584
FileModTime:666803459
NameArray:0,Mac,4,Arial
NameArray:0,Win,1,Arial
%EndFont

%BeginFont
Handler:DirectoryHandler
FontType:TrueType
FontName:Arial-BoldMT
FamilyName:Arial
StyleName:Bold
MenuName:Arial
StyleBits:2
WeightClass:700
WidthClass:5
AngleClass:0
FullName:Arial Bold
WritingScript:Roman
OutlineFileName:/Users/clairew/Desktop/forecasting/SJ2/San-Jose/final report shell/Document fonts/arialbd.ttf
DataFormat:sfntData
hasSVG:no
VariableFontType:NonVariableFont
FileLength:980756
FileModTime:666803459
NameArray:0,Mac,4,Arial Bold
NameArray:0,Win,1,Arial
%EndFont

%BeginFont
Handler:DirectoryHandler
FontType:TrueType
FontName:Arial-ItalicMT
FamilyName:Arial
StyleName:Italic
MenuName:Arial
StyleBits:1
WeightClass:400
WidthClass:5
AngleClass:1
FullName:Arial Italic
WritingScript:Roman
OutlineFileName:/Users/clairew/Desktop/forecasting/SJ2/San-Jose/final report shell/Document fonts/ariali.ttf
DataFormat:sfntData
hasSVG:no
VariableFontType:NonVariableFont
FileLength:717428
FileModTime:666803459
NameArray:0,Mac,4,Arial Italic
NameArray:0,Win,1,Arial
%EndFont

%BeginFont
Handler:DirectoryHandler
FontType:TrueType
FontName:TimesNewRomanPSMT
FamilyName:Times New Roman
StyleName:Regular
MenuName:Times New Roman
StyleBits:0
WeightClass:400
WidthClass:5
AngleClass:0
FullName:Times New Roman
WritingScript:Roman
OutlineFileName:/Users/clairew/Desktop/forecasting/SJ2/San-Jose/final report shell/Document fonts/times.ttf
DataFormat:sfntData
hasSVG:no
VariableFontType:NonVariableFont
FileLength:1196984
FileModTime:666803459
NameArray:0,Mac,4,Times New Roman
NameArray:0,Win,1,Times New Roman
%EndFont

